srun: error: Unable to create job step: Job/step already completing or completed
srun: error: Unable to create job step: Job/step already completing or completed
srun: error: Unable to create job step: Job/step already completing or completed
srun: error: Unable to create job step: Job/step already completing or completed
srun: error: Unable to create job step: Job/step already completing or completed
srun: error: Unable to create job step: Job/step already completing or completed
srun: error: Unable to create job step: Job/step already completing or completed
srun: error: Unable to create job step: Job/step already completing or completed
srun: error: Unable to create job step: Job/step already completing or completed
srun: error: Unable to create job step: Job/step already completing or completed
srun: error: Unable to create job step: Job/step already completing or completed
srun: error: Unable to create job step: Job/step already completing or completed
srun: error: Unable to create job step: Job/step already completing or completed
srun: error: Unable to create job step: Job/step already completing or completed
srun: error: Unable to create job step: Job/step already completing or completed
srun: error: Unable to create job step: Job/step already completing or completed
srun: error: Unable to create job step: Job/step already completing or completed
srun: error: Unable to create job step: Job/step already completing or completed
srun: error: Unable to create job step: Job/step already completing or completed
srun: error: Unable to create job step: Job/step already completing or completed
srun: error: Unable to create job step: Job/step already completing or completed
srun: error: Unable to create job step: Job/step already completing or completed
srun: error: Unable to create job step: Job/step already completing or completed
srun: error: Unable to create job step: Job/step already completing or completed
srun: error: Unable to create job step: Job/step already completing or completed
srun: error: Unable to create job step: Job/step already completing or completed
srun: error: Unable to create job step: Job/step already completing or completed
srun: error: Unable to create job step: Job/step already completing or completed
srun: error: Unable to create job step: Job/step already completing or completed
srun: error: Unable to create job step: Job/step already completing or completed
srun: error: Unable to create job step: Job/step already completing or completed
srun: error: Unable to create job step: Job/step already completing or completed
srun: error: Unable to create job step: Job/step already completing or completed
srun: error: Unable to create job step: Job/step already completing or completed
srun: error: Unable to create job step: Job/step already completing or completed
srun: error: Unable to create job step: Job/step already completing or completed
srun: error: Unable to create job step: Job/step already completing or completed
srun: error: Unable to create job step: Job/step already completing or completed
srun: error: Unable to create job step: Job/step already completing or completed
srun: error: Unable to create job step: Job/step already completing or completed
srun: error: Unable to create job step: Job/step already completing or completed
srun: error: Unable to create job step: Job/step already completing or completed
srun: error: Unable to create job step: Job/step already completing or completed
srun: error: Unable to create job step: Job/step already completing or completed
srun: error: Unable to create job step: Job/step already completing or completed
srun: error: Unable to create job step: Job/step already completing or completed
srun: error: Unable to create job step: Job/step already completing or completed
srun: error: Unable to create job step: Job/step already completing or completed
srun: error: Unable to create job step: Job/step already completing or completed
srun: error: Unable to create job step: Job/step already completing or completed
srun: error: Unable to create job step: Job/step already completing or completed
srun: error: Unable to create job step: Job/step already completing or completed
srun: error: Unable to create job step: Job/step already completing or completed
srun: error: Unable to create job step: Job/step already completing or completed
srun: error: Unable to create job step: Job/step already completing or completed
srun: error: Unable to create job step: Job/step already completing or completed
srun: error: Unable to create job step: Job/step already completing or completed
srun: error: Unable to create job step: Job/step already completing or completed
srun: error: Unable to create job step: Job/step already completing or completed
srun: error: Unable to create job step: Job/step already completing or completed
srun: error: Unable to create job step: Job/step already completing or completed
srun: error: Unable to create job step: Job/step already completing or completed
srun: error: Unable to create job step: Job/step already completing or completed
srun: error: Unable to create job step: Job/step already completing or completed
srun: error: Unable to create job step: Job/step already completing or completed
srun: error: Unable to create job step: Job/step already completing or completed
srun: error: Unable to create job step: Job/step already completing or completed
srun: error: Unable to create job step: Job/step already completing or completed
srun: error: Unable to create job step: Job/step already completing or completed
srun: error: Unable to create job step: Job/step already completing or completed
srun: error: Unable to create job step: Job/step already completing or completed
srun: error: Unable to create job step: Job/step already completing or completed
srun: error: Unable to create job step: Job/step already completing or completed
srun: error: Unable to create job step: Job/step already completing or completed
srun: error: Unable to create job step: Job/step already completing or completed
srun: error: Unable to create job step: Job/step already completing or completed
srun: error: Unable to create job step: Job/step already completing or completed
srun: error: Unable to create job step: Job/step already completing or completed
srun: error: Unable to create job step: Job/step already completing or completed
srun: error: Unable to create job step: Job/step already completing or completed
srun: error: Unable to create job step: Job/step already completing or completed
srun: error: Unable to create job step: Job/step already completing or completed
srun: error: Unable to create job step: Job/step already completing or completed
srun: error: Unable to create job step: Job/step already completing or completed
srun: error: Unable to create job step: Job/step already completing or completed
srun: error: Unable to create job step: Job/step already completing or completed
srun: error: Unable to create job step: Job/step already completing or completed
srun: error: Unable to create job step: Job/step already completing or completed
srun: error: Unable to create job step: Job/step already completing or completed
srun: error: Unable to create job step: Job/step already completing or completed
srun: error: Unable to create job step: Job/step already completing or completed
srun: error: Unable to create job step: Job/step already completing or completed
srun: error: Unable to create job step: Job/step already completing or completed
srun: error: Unable to create job step: Job/step already completing or completed
srun: error: Unable to create job step: Job/step already completing or completed
srun: error: Unable to create job step: Job/step already completing or completed
srun: error: Unable to create job step: Job/step already completing or completed
srun: error: Unable to create job step: Job/step already completing or completed
srun: error: Unable to create job step: Job/step already completing or completed
srun: error: Unable to create job step: Job/step already completing or completed
srun: error: Unable to create job step: Job/step already completing or completed
srun: error: Unable to create job step: Job/step already completing or completed
srun: error: Unable to create job step: Job/step already completing or completed
srun: error: Unable to create job step: Job/step already completing or completed
srun: error: Unable to create job step: Job/step already completing or completed
srun: error: Unable to create job step: Job/step already completing or completed
srun: error: Unable to create job step: Job/step already completing or completed
srun: error: Unable to create job step: Job/step already completing or completed
srun: error: Unable to create job step: Job/step already completing or completed
srun: error: Unable to create job step: Job/step already completing or completed
srun: error: Unable to create job step: Job/step already completing or completed
srun: error: Unable to create job step: Job/step already completing or completed
srun: error: Unable to create job step: Job/step already completing or completed
srun: error: Unable to create job step: Job/step already completing or completed
srun: error: Unable to create job step: Job/step already completing or completed
Traceback (most recent call last):
  File "analyze.py", line 77, in <module>
    analyze(args.filenames)
  File "analyze.py", line 68, in analyze
    get_results(f)
  File "analyze.py", line 28, in get_results
    node2=int(filename[13:15])
ValueError: invalid literal for int() with base 10: 'co'
